<?xml version="1.0" encoding="UTF-8"?>
<!-- Generated by org.testng.reporters.JUnitXMLReporter -->
<testsuite hostname="DESKTOP-S9P2V8B" ignored="0" name="Test" tests="2" failures="0" timestamp="2021-06-02T16:34:24 PDT" time="5.93" errors="0">
  <testcase name="@BeforeTest openBrowser" time="5.778" classname="com.real.life.example.pageTest.HomePageTest">
    <failure type="java.lang.AssertionError" message="Chrome Browser Failed To Launch">
      <![CDATA[java.lang.AssertionError: Chrome Browser Failed To Launch
at com.real.life.example.pageTest.HomePageTest.openBrowser(HomePageTest.java:28)
... Removed 25 stack frames]]>
    </failure>
  </testcase> <!-- @BeforeTest openBrowser -->
  <testcase name="@AfterTest closeBrowser" time="-1.622676864061E9" classname="com.real.life.example.pageTest.HomePageTest">
    <skipped/>
  </testcase> <!-- @AfterTest closeBrowser -->
  <testcase name="verifyUrlTest" time="0.0" classname="com.real.life.example.pageTest.HomePageTest">
    <skipped/>
  </testcase> <!-- verifyUrlTest -->
  <testcase name="verifyTitleTest" time="0.0" classname="com.real.life.example.pageTest.HomePageTest">
    <skipped/>
  </testcase> <!-- verifyTitleTest -->
</testsuite> <!-- Test -->
