<?xml version="1.0" encoding="UTF-8"?>
<!-- Generated by org.testng.reporters.JUnitXMLReporter -->
<testsuite hostname="RayhanMP" ignored="1" name="Test(failed)" tests="2" failures="0" timestamp="2021-05-02T13:05:13 PDT" time="2.501" errors="0">
  <testcase name="@BeforeTest openBrowser" time="2.298" classname="com.real.life.example.pageTest.HomePageTest">
    <failure type="java.lang.AssertionError" message="Chrome Browser Failed To Launch">
      <![CDATA[java.lang.AssertionError: Chrome Browser Failed To Launch
at com.real.life.example.pageTest.HomePageTest.openBrowser(HomePageTest.java:29)
... Removed 25 stack frames]]>
    </failure>
  </testcase> <!-- @BeforeTest openBrowser -->
  <testcase name="@AfterTest closeBrowser" time="-1.619985913358E9" classname="com.real.life.example.pageTest.HomePageTest">
    <skipped/>
  </testcase> <!-- @AfterTest closeBrowser -->
  <testcase name="verifyUrlTest" time="0.0" classname="com.real.life.example.pageTest.HomePageTest">
    <skipped/>
  </testcase> <!-- verifyUrlTest -->
  <testcase name="verifyTitleTest" time="0.0" classname="com.real.life.example.pageTest.HomePageTest">
    <skipped/>
  </testcase> <!-- verifyTitleTest -->
  <testcase name="verifySearchTest" time="0.0" classname="com.real.life.example.pageTest.HomePageTest">
    <ignored/>
  </testcase> <!-- verifySearchTest -->
</testsuite> <!-- Test(failed) -->
